<?xml version="1.0" encoding="UTF-8"?>
<!-- Generated by org.testng.reporters.JUnitReportReporter -->
<testsuite ignored="0" hostname="LTIN120789" failures="0" tests="1" name="testcases.TC_003" time="4.928" errors="0" timestamp="20 Mar 2021 09:52:58 GMT" skipped="0">
  <testcase classname="testcases.TC_003" name="testcase" time="4.928"/>
</testsuite> <!-- testcases.TC_003 -->
